<?xml version="1.0" ?>
<testsuite name="tests.Completeness.test_BrownvGarrett.TestBrownvGarrett-20240613222533" tests="2" time="3.228" failures="0" errors="1">
	<testcase classname="tests.Completeness.test_BrownvGarrett.TestBrownvGarrett" name="test_target_completeness_def" time="3.228">
		<error type="UnboundLocalError" message="local variable 'Cpath_aux' referenced before assignment"><![CDATA[Traceback (most recent call last):
  File "/Users/maxzweig/research/EXOSIMS/tests/Completeness/test_BrownvGarrett.py", line 72, in test_target_completeness_def
    cGarrett = Garrett.target_completeness(TL)
  File "/Users/maxzweig/research/EXOSIMS/EXOSIMS/Completeness/GarrettCompleteness.py", line 343, in target_completeness
    self.genComp(Cpath_aux, TL)
UnboundLocalError: local variable 'Cpath_aux' referenced before assignment
]]></error>
	</testcase>
	<testcase classname="tests.Completeness.test_BrownvGarrett.TestBrownvGarrett" name="test_target_completeness_constrainOrbits" time="0.000">
		<skipped type="skip" message="Skipping Garrett vs Brown comparison tests."/>
	</testcase>
	<system-out><![CDATA[Imported PlanetPopulation (prototype) from EXOSIMS.Prototypes.PlanetPopulation
Imported PlanetPhysicalModel (prototype) from EXOSIMS.Prototypes.PlanetPhysicalModel
Loading cached completeness file from "/Users/maxzweig/.EXOSIMS/cache/PlanetPopulationPlanetPhysicalModelBrownCompleteness100000000lambertef96888a22eb5f8ea51e6ffe118b7e2e.comp".
Completeness loaded from cache.
Imported PlanetPopulation (prototype) from EXOSIMS.Prototypes.PlanetPopulation
Imported PlanetPhysicalModel (prototype) from EXOSIMS.Prototypes.PlanetPhysicalModel
Generating pdf of orbital radius
Finished pdf of orbital radius
garett testing starting...

Cached int completeness file not found at "/Users/maxzweig/.EXOSIMS/cache/PlanetPopulationPlanetPhysicalModelGarrettCompleteness100000000lambertef96888a22eb5f8ea51e6ffe118b7e2eccd2af741011a60805b9edb80200c2ef9acf87567eb7a7eded7a9ec0a1785106.acomp".
Beginning int_comp completeness calculations.
Cached completeness file not found at "/Users/maxzweig/.EXOSIMS/cache/PlanetPopulationPlanetPhysicalModelGarrettCompleteness100000000lambertef96888a22eb5f8ea51e6ffe118b7e2e9acf87567eb7a7eded7a9ec0a1785106.acomp".
Generating completeness.
Marginalizing joint pdf of separation and dMag up to mode_dMag
yuhyuhyuh
Finished marginalization
Completeness data stored in /Users/maxzweig/.EXOSIMS/cache/PlanetPopulationPlanetPhysicalModelGarrettCompleteness100000000lambertef96888a22eb5f8ea51e6ffe118b7e2e9acf87567eb7a7eded7a9ec0a1785106.acomp
Int Completeness data stored in /Users/maxzweig/.EXOSIMS/cache/PlanetPopulationPlanetPhysicalModelGarrettCompleteness100000000lambertef96888a22eb5f8ea51e6ffe118b7e2eccd2af741011a60805b9edb80200c2ef9acf87567eb7a7eded7a9ec0a1785106.acomp
Loading cached completeness file from /Users/maxzweig/.EXOSIMS/cache/PlanetPopulationPlanetPhysicalModelGarrettCompleteness100000000lambertef96888a22eb5f8ea51e6ffe118b7e2e9acf87567eb7a7eded7a9ec0a1785106.acomp
yuhyuhyuh
Completeness loaded from cache.

Loading cached int completeness file from "/Users/maxzweig/.EXOSIMS/cache/PlanetPopulationPlanetPhysicalModelGarrettCompleteness100000000lambertef96888a22eb5f8ea51e6ffe118b7e2eccd2af741011a60805b9edb80200c2ef9acf87567eb7a7eded7a9ec0a1785106.acomp".
int Completeness loaded from cache.
]]></system-out>
	<system-err><![CDATA[]]></system-err>
</testsuite>
