<?xml version="1.0" ?>
<testsuite name="tests.Completeness.test_BrownvGarrett.TestBrownvGarrett-20240613194956" tests="2" time="14.714" failures="0" errors="0">
	<testcase classname="tests.Completeness.test_BrownvGarrett.TestBrownvGarrett" name="test_target_completeness_constrainOrbits" time="4.690"/>
	<testcase classname="tests.Completeness.test_BrownvGarrett.TestBrownvGarrett" name="test_target_completeness_def" time="10.025"/>
	<system-out><![CDATA[Imported PlanetPopulation (prototype) from EXOSIMS.Prototypes.PlanetPopulation
Imported PlanetPhysicalModel (prototype) from EXOSIMS.Prototypes.PlanetPhysicalModel
Loading cached completeness file from "/Users/maxzweig/.EXOSIMS/cache/PlanetPopulationPlanetPhysicalModelBrownCompleteness100000000lambert569c34de5ad7eb89e10f4ee0640004f8.comp".
Completeness loaded from cache.
Imported PlanetPopulation (prototype) from EXOSIMS.Prototypes.PlanetPopulation
Imported PlanetPhysicalModel (prototype) from EXOSIMS.Prototypes.PlanetPhysicalModel
Generating pdf of orbital radius
Finished pdf of orbital radius
Generating int_comp values
_outspec: {'cachedir': '/Users/maxzweig/.EXOSIMS/cache', 'Rprange': array([1., 1.]), 'eta': 0.1, 'scaleOrbits': False, 'Orange': array([  0., 360.]), 'erange': array([0.  , 0.35]), 'Mprange': array([1.000e+00, 4.131e+03]), 'prange': array([0.33, 0.33]), 'constrainOrbits': True, 'wrange': array([  0., 360.]), 'Irange': array([  0., 180.]), 'arange': array([0.5, 1.5])} arange: [0.5 1.5] AU cachedir: /Users/maxzweig/.EXOSIMS/cache constrainOrbits: True erange: [0.   0.35] eta: 0.1 Irange: [  0. 180.] deg Mprange: [1.000e+00 4.131e+03] earthMass Orange: [  0. 360.] deg pfromRp: False prange: [0.33 0.33] Rprange: [1. 1.] earthRad rrange: [0.5 1.5] AU scaleOrbits: False wrange: [  0. 360.] deg mode_dMag: 23.01029858527422intCutoff_dMag: [23.01029859 23.01029859 23.01029859 23.01029859 23.01029859 23.01029859
 23.01029859 23.01029859 23.01029859 23.01029859 23.01029859 23.01029859
 23.01029859 23.01029859 23.01029859 23.01029859 23.01029859 23.01029859
 23.01029859 23.01029859 23.01029859 23.01029859 23.01029859 23.01029859
 23.01029859 23.01029859 23.01029859 23.01029859 23.01029859 23.01029859
 23.01029859 23.01029859 23.01029859 23.01029859 23.01029859 23.01029859
 23.01029859 23.01029859 23.01029859 23.01029859 23.01029859 23.01029859
 23.01029859 23.01029859 23.01029859 23.01029859 23.01029859 23.01029859
 23.01029859 23.01029859 23.01029859 23.01029859 23.01029859 23.01029859
 23.01029859 23.01029859 23.01029859 23.01029859 23.01029859 23.01029859
 23.01029859 23.01029859 23.01029859 23.01029859 23.01029859 23.01029859
 23.01029859 23.01029859 23.01029859 23.01029859 23.01029859 23.01029859
 23.01029859 23.01029859 23.01029859 23.01029859 23.01029859 23.01029859
 23.01029859 23.01029859 23.01029859 23.01029859 23.01029859 23.01029859
 23.01029859 23.01029859 23.01029859 23.01029859 23.01029859 23.01029859
 23.01029859 23.01029859 23.01029859 23.01029859 23.01029859 23.01029859
 23.01029859 23.01029859 23.01029859 23.01029859] 
Cached completeness file not found at "/Users/maxzweig/.EXOSIMS/cache/PlanetPopulationPlanetPhysicalModelGarrettCompleteness100000000lambert569c34de5ad7eb89e10f4ee0640004f80ca1200bdd97416e6e5b6b1af4c7bca1ccd2af741011a60805b9edb80200c2ef.acomp".
Beginning int_comp completeness calculations.
Cached completeness file not found at "/Users/maxzweig/.EXOSIMS/cache/PlanetPopulationPlanetPhysicalModelGarrettCompleteness100000000lambert569c34de5ad7eb89e10f4ee0640004f80ca1200bdd97416e6e5b6b1af4c7bca1.acomp".
Generating completeness.
Marginalizing joint pdf of separation and dMag up to mode_dMag
Finished marginalization
Completeness data stored in /Users/maxzweig/.EXOSIMS/cache/PlanetPopulationPlanetPhysicalModelGarrettCompleteness100000000lambert569c34de5ad7eb89e10f4ee0640004f80ca1200bdd97416e6e5b6b1af4c7bca1.acomp
Int Completeness data stored in /Users/maxzweig/.EXOSIMS/cache/PlanetPopulationPlanetPhysicalModelGarrettCompleteness100000000lambert569c34de5ad7eb89e10f4ee0640004f80ca1200bdd97416e6e5b6b1af4c7bca1ccd2af741011a60805b9edb80200c2ef.acomp
Imported PlanetPopulation (prototype) from EXOSIMS.Prototypes.PlanetPopulation
Imported PlanetPhysicalModel (prototype) from EXOSIMS.Prototypes.PlanetPhysicalModel
Loading cached completeness file from "/Users/maxzweig/.EXOSIMS/cache/PlanetPopulationPlanetPhysicalModelBrownCompleteness100000000lambertef96888a22eb5f8ea51e6ffe118b7e2e.comp".
Completeness loaded from cache.
Imported PlanetPopulation (prototype) from EXOSIMS.Prototypes.PlanetPopulation
Imported PlanetPhysicalModel (prototype) from EXOSIMS.Prototypes.PlanetPhysicalModel
Generating pdf of orbital radius
Finished pdf of orbital radius
Generating int_comp values
_outspec: {'cachedir': '/Users/maxzweig/.EXOSIMS/cache', 'Rprange': array([1., 1.]), 'eta': 0.1, 'scaleOrbits': False, 'Orange': array([  0., 360.]), 'erange': array([0.  , 0.35]), 'Mprange': array([1.000e+00, 4.131e+03]), 'prange': array([0.33, 0.33]), 'constrainOrbits': False, 'wrange': array([  0., 360.]), 'Irange': array([  0., 180.]), 'arange': array([0.5, 1.5])} arange: [0.5 1.5] AU cachedir: /Users/maxzweig/.EXOSIMS/cache constrainOrbits: False erange: [0.   0.35] eta: 0.1 Irange: [  0. 180.] deg Mprange: [1.000e+00 4.131e+03] earthMass Orange: [  0. 360.] deg pfromRp: False prange: [0.33 0.33] Rprange: [1. 1.] earthRad rrange: [0.325 2.025] AU scaleOrbits: False wrange: [  0. 360.] deg mode_dMag: 23.01029858527422intCutoff_dMag: [23.01029859 23.01029859 23.01029859 23.01029859 23.01029859 23.01029859
 23.01029859 23.01029859 23.01029859 23.01029859 23.01029859 23.01029859
 23.01029859 23.01029859 23.01029859 23.01029859 23.01029859 23.01029859
 23.01029859 23.01029859 23.01029859 23.01029859 23.01029859 23.01029859
 23.01029859 23.01029859 23.01029859 23.01029859 23.01029859 23.01029859
 23.01029859 23.01029859 23.01029859 23.01029859 23.01029859 23.01029859
 23.01029859 23.01029859 23.01029859 23.01029859 23.01029859 23.01029859
 23.01029859 23.01029859 23.01029859 23.01029859 23.01029859 23.01029859
 23.01029859 23.01029859 23.01029859 23.01029859 23.01029859 23.01029859
 23.01029859 23.01029859 23.01029859 23.01029859 23.01029859 23.01029859
 23.01029859 23.01029859 23.01029859 23.01029859 23.01029859 23.01029859
 23.01029859 23.01029859 23.01029859 23.01029859 23.01029859 23.01029859
 23.01029859 23.01029859 23.01029859 23.01029859 23.01029859 23.01029859
 23.01029859 23.01029859 23.01029859 23.01029859 23.01029859 23.01029859
 23.01029859 23.01029859 23.01029859 23.01029859 23.01029859 23.01029859
 23.01029859 23.01029859 23.01029859 23.01029859 23.01029859 23.01029859
 23.01029859 23.01029859 23.01029859 23.01029859] 
Cached completeness file not found at "/Users/maxzweig/.EXOSIMS/cache/PlanetPopulationPlanetPhysicalModelGarrettCompleteness100000000lambertef96888a22eb5f8ea51e6ffe118b7e2e30f26969bf37217aeee40cc3829148aaccd2af741011a60805b9edb80200c2ef.acomp".
Beginning int_comp completeness calculations.
Cached completeness file not found at "/Users/maxzweig/.EXOSIMS/cache/PlanetPopulationPlanetPhysicalModelGarrettCompleteness100000000lambertef96888a22eb5f8ea51e6ffe118b7e2e30f26969bf37217aeee40cc3829148aa.acomp".
Generating completeness.
Marginalizing joint pdf of separation and dMag up to mode_dMag
Finished marginalization
Completeness data stored in /Users/maxzweig/.EXOSIMS/cache/PlanetPopulationPlanetPhysicalModelGarrettCompleteness100000000lambertef96888a22eb5f8ea51e6ffe118b7e2e30f26969bf37217aeee40cc3829148aa.acomp
Int Completeness data stored in /Users/maxzweig/.EXOSIMS/cache/PlanetPopulationPlanetPhysicalModelGarrettCompleteness100000000lambertef96888a22eb5f8ea51e6ffe118b7e2e30f26969bf37217aeee40cc3829148aaccd2af741011a60805b9edb80200c2ef.acomp
Generating int_comp values
_outspec: {'cachedir': '/Users/maxzweig/.EXOSIMS/cache', 'Rprange': array([1., 1.]), 'eta': 0.1, 'scaleOrbits': False, 'Orange': array([  0., 360.]), 'erange': array([0.  , 0.35]), 'Mprange': array([1.000e+00, 4.131e+03]), 'prange': array([0.33, 0.33]), 'constrainOrbits': False, 'wrange': array([  0., 360.]), 'Irange': array([  0., 180.]), 'arange': array([0.5, 1.5])} arange: [0.5 1.5] AU cachedir: /Users/maxzweig/.EXOSIMS/cache constrainOrbits: False erange: [0.   0.35] eta: 0.1 Irange: [  0. 180.] deg Mprange: [1.000e+00 4.131e+03] earthMass Orange: [  0. 360.] deg pfromRp: False prange: [0.33 0.33] Rprange: [1. 1.] earthRad rrange: [0.325 2.025] AU scaleOrbits: True wrange: [  0. 360.] deg mode_dMag: 23.01029858527422intCutoff_dMag: [23.01029859 23.01029859 23.01029859 23.01029859 23.01029859 23.01029859
 23.01029859 23.01029859 23.01029859 23.01029859 23.01029859 23.01029859
 23.01029859 23.01029859 23.01029859 23.01029859 23.01029859 23.01029859
 23.01029859 23.01029859 23.01029859 23.01029859 23.01029859 23.01029859
 23.01029859 23.01029859 23.01029859 23.01029859 23.01029859 23.01029859
 23.01029859 23.01029859 23.01029859 23.01029859 23.01029859 23.01029859
 23.01029859 23.01029859 23.01029859 23.01029859 23.01029859 23.01029859
 23.01029859 23.01029859 23.01029859 23.01029859 23.01029859 23.01029859
 23.01029859 23.01029859 23.01029859 23.01029859 23.01029859 23.01029859
 23.01029859 23.01029859 23.01029859 23.01029859 23.01029859 23.01029859
 23.01029859 23.01029859 23.01029859 23.01029859 23.01029859 23.01029859
 23.01029859 23.01029859 23.01029859 23.01029859 23.01029859 23.01029859
 23.01029859 23.01029859 23.01029859 23.01029859 23.01029859 23.01029859
 23.01029859 23.01029859 23.01029859 23.01029859 23.01029859 23.01029859
 23.01029859 23.01029859 23.01029859 23.01029859 23.01029859 23.01029859
 23.01029859 23.01029859 23.01029859 23.01029859 23.01029859 23.01029859
 23.01029859 23.01029859 23.01029859 23.01029859] 
Cached completeness file not found at "/Users/maxzweig/.EXOSIMS/cache/PlanetPopulationPlanetPhysicalModelGarrettCompleteness100000000lambertef96888a22eb5f8ea51e6ffe118b7e2e30f26969bf37217aeee40cc3829148aa5f911e655af337b36f2cfd8af0d09e8fccd2af741011a60805b9edb80200c2ef.acomp".
Beginning int_comp completeness calculations.
Int Completeness data stored in /Users/maxzweig/.EXOSIMS/cache/PlanetPopulationPlanetPhysicalModelGarrettCompleteness100000000lambertef96888a22eb5f8ea51e6ffe118b7e2e30f26969bf37217aeee40cc3829148aa5f911e655af337b36f2cfd8af0d09e8fccd2af741011a60805b9edb80200c2ef.acomp
]]></system-out>
	<system-err><![CDATA[]]></system-err>
</testsuite>
