<?xml version="1.0" ?>
<testsuite name="tests.Completeness.test_BrownvGarrett.TestBrownvGarrett-20240613195521" tests="2" time="14.852" failures="0" errors="0">
	<testcase classname="tests.Completeness.test_BrownvGarrett.TestBrownvGarrett" name="test_target_completeness_constrainOrbits" time="4.770"/>
	<testcase classname="tests.Completeness.test_BrownvGarrett.TestBrownvGarrett" name="test_target_completeness_def" time="10.082"/>
	<system-out><![CDATA[Imported PlanetPopulation (prototype) from EXOSIMS.Prototypes.PlanetPopulation
Imported PlanetPhysicalModel (prototype) from EXOSIMS.Prototypes.PlanetPhysicalModel
Loading cached completeness file from "/Users/maxzweig/.EXOSIMS/cache/PlanetPopulationPlanetPhysicalModelBrownCompleteness100000000lambert569c34de5ad7eb89e10f4ee0640004f8.comp".
Completeness loaded from cache.
Imported PlanetPopulation (prototype) from EXOSIMS.Prototypes.PlanetPopulation
Imported PlanetPhysicalModel (prototype) from EXOSIMS.Prototypes.PlanetPhysicalModel
Generating pdf of orbital radius
Finished pdf of orbital radius
Generating int_comp values
Cached completeness file not found at "/Users/maxzweig/.EXOSIMS/cache/PlanetPopulationPlanetPhysicalModelGarrettCompleteness100000000lambert569c34de5ad7eb89e10f4ee0640004f8ccd2af741011a60805b9edb80200c2ef86c6bc29d775107f7b7a091407dd0e65.acomp".
Beginning int_comp completeness calculations.
Cached completeness file not found at "/Users/maxzweig/.EXOSIMS/cache/PlanetPopulationPlanetPhysicalModelGarrettCompleteness100000000lambert569c34de5ad7eb89e10f4ee0640004f886c6bc29d775107f7b7a091407dd0e65.acomp".
Generating completeness.
Marginalizing joint pdf of separation and dMag up to mode_dMag
Finished marginalization
Completeness data stored in /Users/maxzweig/.EXOSIMS/cache/PlanetPopulationPlanetPhysicalModelGarrettCompleteness100000000lambert569c34de5ad7eb89e10f4ee0640004f886c6bc29d775107f7b7a091407dd0e65.acomp
Int Completeness data stored in /Users/maxzweig/.EXOSIMS/cache/PlanetPopulationPlanetPhysicalModelGarrettCompleteness100000000lambert569c34de5ad7eb89e10f4ee0640004f8ccd2af741011a60805b9edb80200c2ef86c6bc29d775107f7b7a091407dd0e65.acomp
Imported PlanetPopulation (prototype) from EXOSIMS.Prototypes.PlanetPopulation
Imported PlanetPhysicalModel (prototype) from EXOSIMS.Prototypes.PlanetPhysicalModel
Loading cached completeness file from "/Users/maxzweig/.EXOSIMS/cache/PlanetPopulationPlanetPhysicalModelBrownCompleteness100000000lambertef96888a22eb5f8ea51e6ffe118b7e2e.comp".
Completeness loaded from cache.
Imported PlanetPopulation (prototype) from EXOSIMS.Prototypes.PlanetPopulation
Imported PlanetPhysicalModel (prototype) from EXOSIMS.Prototypes.PlanetPhysicalModel
Generating pdf of orbital radius
Finished pdf of orbital radius
Generating int_comp values
Cached completeness file not found at "/Users/maxzweig/.EXOSIMS/cache/PlanetPopulationPlanetPhysicalModelGarrettCompleteness100000000lambertef96888a22eb5f8ea51e6ffe118b7e2eccd2af741011a60805b9edb80200c2ef0fd751cdfc96e1042ce0290d8280d588.acomp".
Beginning int_comp completeness calculations.
Cached completeness file not found at "/Users/maxzweig/.EXOSIMS/cache/PlanetPopulationPlanetPhysicalModelGarrettCompleteness100000000lambertef96888a22eb5f8ea51e6ffe118b7e2e0fd751cdfc96e1042ce0290d8280d588.acomp".
Generating completeness.
Marginalizing joint pdf of separation and dMag up to mode_dMag
Finished marginalization
Completeness data stored in /Users/maxzweig/.EXOSIMS/cache/PlanetPopulationPlanetPhysicalModelGarrettCompleteness100000000lambertef96888a22eb5f8ea51e6ffe118b7e2e0fd751cdfc96e1042ce0290d8280d588.acomp
Int Completeness data stored in /Users/maxzweig/.EXOSIMS/cache/PlanetPopulationPlanetPhysicalModelGarrettCompleteness100000000lambertef96888a22eb5f8ea51e6ffe118b7e2eccd2af741011a60805b9edb80200c2ef0fd751cdfc96e1042ce0290d8280d588.acomp
Generating int_comp values
Cached completeness file not found at "/Users/maxzweig/.EXOSIMS/cache/PlanetPopulationPlanetPhysicalModelGarrettCompleteness100000000lambertef96888a22eb5f8ea51e6ffe118b7e2e0fd751cdfc96e1042ce0290d8280d588ccd2af741011a60805b9edb80200c2ef050d7ef9c27aef5441431256731eae2a.acomp".
Beginning int_comp completeness calculations.
Int Completeness data stored in /Users/maxzweig/.EXOSIMS/cache/PlanetPopulationPlanetPhysicalModelGarrettCompleteness100000000lambertef96888a22eb5f8ea51e6ffe118b7e2e0fd751cdfc96e1042ce0290d8280d588ccd2af741011a60805b9edb80200c2ef050d7ef9c27aef5441431256731eae2a.acomp
]]></system-out>
	<system-err><![CDATA[]]></system-err>
</testsuite>
