<?xml version="1.0" ?>
<testsuite name="tests.BackgroundSources.test_BackgroundSources.TestBackgroundSources-20240612212837" tests="2" time="2.573" failures="0" errors="0">
	<testcase classname="tests.BackgroundSources.test_BackgroundSources.TestBackgroundSources" name="test_dNbackground" time="2.455"/>
	<testcase classname="tests.BackgroundSources.test_BackgroundSources.TestBackgroundSources" name="test_str" time="0.117"/>
	<system-out><![CDATA[Imported BackgroundSources (prototype) from EXOSIMS.Prototypes.BackgroundSources
Imported GalaxiesFaintStars (implementation) from EXOSIMS.BackgroundSources.GalaxiesFaintStars
Imported BackgroundSources (prototype) from EXOSIMS.Prototypes.BackgroundSources
Imported GalaxiesFaintStars (implementation) from EXOSIMS.BackgroundSources.GalaxiesFaintStars
]]></system-out>
	<system-err><![CDATA[]]></system-err>
</testsuite>
