<?xml version="1.0" ?>
<testsuite name="tests.Completeness.test_BrownvGarrett.TestBrownvGarrett-20240613192645" tests="2" time="14.727" failures="0" errors="0">
	<testcase classname="tests.Completeness.test_BrownvGarrett.TestBrownvGarrett" name="test_target_completeness_constrainOrbits" time="4.780"/>
	<testcase classname="tests.Completeness.test_BrownvGarrett.TestBrownvGarrett" name="test_target_completeness_def" time="9.946"/>
	<system-out><![CDATA[Imported PlanetPopulation (prototype) from EXOSIMS.Prototypes.PlanetPopulation
Imported PlanetPhysicalModel (prototype) from EXOSIMS.Prototypes.PlanetPhysicalModel
Loading cached completeness file from "/Users/maxzweig/.EXOSIMS/cache/PlanetPopulationPlanetPhysicalModelBrownCompleteness100000000lambert569c34de5ad7eb89e10f4ee0640004f8.comp".
Completeness loaded from cache.
Imported PlanetPopulation (prototype) from EXOSIMS.Prototypes.PlanetPopulation
Imported PlanetPhysicalModel (prototype) from EXOSIMS.Prototypes.PlanetPhysicalModel
Generating pdf of orbital radius
Finished pdf of orbital radius
Generating int_comp values
Cached completeness file not found at "/Users/maxzweig/.EXOSIMS/cache/PlanetPopulationPlanetPhysicalModelGarrettCompleteness100000000lambert569c34de5ad7eb89e10f4ee0640004f83af29e26ff2da4397b7714446f1ea1d9ccd2af741011a60805b9edb80200c2ef.acomp".
Beginning int_comp completeness calculations.
Cached completeness file not found at "/Users/maxzweig/.EXOSIMS/cache/PlanetPopulationPlanetPhysicalModelGarrettCompleteness100000000lambert569c34de5ad7eb89e10f4ee0640004f83af29e26ff2da4397b7714446f1ea1d9.acomp".
Generating completeness.
Marginalizing joint pdf of separation and dMag up to mode_dMag
Finished marginalization
Completeness data stored in /Users/maxzweig/.EXOSIMS/cache/PlanetPopulationPlanetPhysicalModelGarrettCompleteness100000000lambert569c34de5ad7eb89e10f4ee0640004f83af29e26ff2da4397b7714446f1ea1d9.acomp
Int Completeness data stored in /Users/maxzweig/.EXOSIMS/cache/PlanetPopulationPlanetPhysicalModelGarrettCompleteness100000000lambert569c34de5ad7eb89e10f4ee0640004f83af29e26ff2da4397b7714446f1ea1d9ccd2af741011a60805b9edb80200c2ef.acomp
Imported PlanetPopulation (prototype) from EXOSIMS.Prototypes.PlanetPopulation
Imported PlanetPhysicalModel (prototype) from EXOSIMS.Prototypes.PlanetPhysicalModel
Loading cached completeness file from "/Users/maxzweig/.EXOSIMS/cache/PlanetPopulationPlanetPhysicalModelBrownCompleteness100000000lambertef96888a22eb5f8ea51e6ffe118b7e2e.comp".
Completeness loaded from cache.
Imported PlanetPopulation (prototype) from EXOSIMS.Prototypes.PlanetPopulation
Imported PlanetPhysicalModel (prototype) from EXOSIMS.Prototypes.PlanetPhysicalModel
Generating pdf of orbital radius
Finished pdf of orbital radius
Generating int_comp values
Cached completeness file not found at "/Users/maxzweig/.EXOSIMS/cache/PlanetPopulationPlanetPhysicalModelGarrettCompleteness100000000lambertef96888a22eb5f8ea51e6ffe118b7e2ec6418a24fe3996dafc34f86e2a778527ccd2af741011a60805b9edb80200c2ef.acomp".
Beginning int_comp completeness calculations.
Cached completeness file not found at "/Users/maxzweig/.EXOSIMS/cache/PlanetPopulationPlanetPhysicalModelGarrettCompleteness100000000lambertef96888a22eb5f8ea51e6ffe118b7e2ec6418a24fe3996dafc34f86e2a778527.acomp".
Generating completeness.
Marginalizing joint pdf of separation and dMag up to mode_dMag
Finished marginalization
Completeness data stored in /Users/maxzweig/.EXOSIMS/cache/PlanetPopulationPlanetPhysicalModelGarrettCompleteness100000000lambertef96888a22eb5f8ea51e6ffe118b7e2ec6418a24fe3996dafc34f86e2a778527.acomp
Int Completeness data stored in /Users/maxzweig/.EXOSIMS/cache/PlanetPopulationPlanetPhysicalModelGarrettCompleteness100000000lambertef96888a22eb5f8ea51e6ffe118b7e2ec6418a24fe3996dafc34f86e2a778527ccd2af741011a60805b9edb80200c2ef.acomp
Generating int_comp values
Cached completeness file not found at "/Users/maxzweig/.EXOSIMS/cache/PlanetPopulationPlanetPhysicalModelGarrettCompleteness100000000lambertef96888a22eb5f8ea51e6ffe118b7e2ec6418a24fe3996dafc34f86e2a7785279d85249ccfc7a060eae512da14033269ccd2af741011a60805b9edb80200c2ef.acomp".
Beginning int_comp completeness calculations.
Int Completeness data stored in /Users/maxzweig/.EXOSIMS/cache/PlanetPopulationPlanetPhysicalModelGarrettCompleteness100000000lambertef96888a22eb5f8ea51e6ffe118b7e2ec6418a24fe3996dafc34f86e2a7785279d85249ccfc7a060eae512da14033269ccd2af741011a60805b9edb80200c2ef.acomp
]]></system-out>
	<system-err><![CDATA[]]></system-err>
</testsuite>
