<?xml version="1.0" ?>
<testsuite name="tests.Completeness.test_BrownvGarrett.TestBrownvGarrett-20240613203854" tests="2" time="10.277" failures="0" errors="0">
	<testcase classname="tests.Completeness.test_BrownvGarrett.TestBrownvGarrett" name="test_target_completeness_def" time="10.277"/>
	<testcase classname="tests.Completeness.test_BrownvGarrett.TestBrownvGarrett" name="test_target_completeness_constrainOrbits" time="0.000">
		<skipped type="skip" message="Skipping Garrett vs Brown comparison tests."/>
	</testcase>
	<system-out><![CDATA[Imported PlanetPopulation (prototype) from EXOSIMS.Prototypes.PlanetPopulation
Imported PlanetPhysicalModel (prototype) from EXOSIMS.Prototypes.PlanetPhysicalModel
Loading cached completeness file from "/Users/maxzweig/.EXOSIMS/cache/PlanetPopulationPlanetPhysicalModelBrownCompleteness100000000lambertef96888a22eb5f8ea51e6ffe118b7e2e.comp".
Completeness loaded from cache.
Imported PlanetPopulation (prototype) from EXOSIMS.Prototypes.PlanetPopulation
Imported PlanetPhysicalModel (prototype) from EXOSIMS.Prototypes.PlanetPhysicalModel
Generating pdf of orbital radius
Finished pdf of orbital radius
Generating int_comp values
/Users/maxzweig/.EXOSIMS/cache/PlanetPopulationPlanetPhysicalModelGarrettCompleteness100000000lambertef96888a22eb5f8ea51e6ffe118b7e2eccd2af741011a60805b9edb80200c2efbf761eb3481be683bf9896af45132757.acomp
Cached completeness file not found at "/Users/maxzweig/.EXOSIMS/cache/PlanetPopulationPlanetPhysicalModelGarrettCompleteness100000000lambertef96888a22eb5f8ea51e6ffe118b7e2eccd2af741011a60805b9edb80200c2efbf761eb3481be683bf9896af45132757.acomp".
Beginning int_comp completeness calculations.
Cached completeness file not found at "/Users/maxzweig/.EXOSIMS/cache/PlanetPopulationPlanetPhysicalModelGarrettCompleteness100000000lambertef96888a22eb5f8ea51e6ffe118b7e2ebf761eb3481be683bf9896af45132757.acomp".
Generating completeness.
Marginalizing joint pdf of separation and dMag up to mode_dMag
Finished marginalization
Completeness data stored in /Users/maxzweig/.EXOSIMS/cache/PlanetPopulationPlanetPhysicalModelGarrettCompleteness100000000lambertef96888a22eb5f8ea51e6ffe118b7e2ebf761eb3481be683bf9896af45132757.acomp
Int Completeness data stored in /Users/maxzweig/.EXOSIMS/cache/PlanetPopulationPlanetPhysicalModelGarrettCompleteness100000000lambertef96888a22eb5f8ea51e6ffe118b7e2eccd2af741011a60805b9edb80200c2efbf761eb3481be683bf9896af45132757.acomp
Generating int_comp values
/Users/maxzweig/.EXOSIMS/cache/PlanetPopulationPlanetPhysicalModelGarrettCompleteness100000000lambertef96888a22eb5f8ea51e6ffe118b7e2ebf761eb3481be683bf9896af45132757ccd2af741011a60805b9edb80200c2efceb8e79025afe2b1f68a148180ad5d13.acomp
Cached completeness file not found at "/Users/maxzweig/.EXOSIMS/cache/PlanetPopulationPlanetPhysicalModelGarrettCompleteness100000000lambertef96888a22eb5f8ea51e6ffe118b7e2ebf761eb3481be683bf9896af45132757ccd2af741011a60805b9edb80200c2efceb8e79025afe2b1f68a148180ad5d13.acomp".
Beginning int_comp completeness calculations.
Int Completeness data stored in /Users/maxzweig/.EXOSIMS/cache/PlanetPopulationPlanetPhysicalModelGarrettCompleteness100000000lambertef96888a22eb5f8ea51e6ffe118b7e2ebf761eb3481be683bf9896af45132757ccd2af741011a60805b9edb80200c2efceb8e79025afe2b1f68a148180ad5d13.acomp
]]></system-out>
	<system-err><![CDATA[]]></system-err>
</testsuite>
