<?xml version="1.0" ?>
<testsuite name="tests.Completeness.test_BrownvGarrett.TestBrownvGarrett-20240613192747" tests="2" time="14.911" failures="0" errors="0">
	<testcase classname="tests.Completeness.test_BrownvGarrett.TestBrownvGarrett" name="test_target_completeness_constrainOrbits" time="4.754"/>
	<testcase classname="tests.Completeness.test_BrownvGarrett.TestBrownvGarrett" name="test_target_completeness_def" time="10.157"/>
	<system-out><![CDATA[Imported PlanetPopulation (prototype) from EXOSIMS.Prototypes.PlanetPopulation
Imported PlanetPhysicalModel (prototype) from EXOSIMS.Prototypes.PlanetPhysicalModel
Loading cached completeness file from "/Users/maxzweig/.EXOSIMS/cache/PlanetPopulationPlanetPhysicalModelBrownCompleteness100000000lambert569c34de5ad7eb89e10f4ee0640004f8.comp".
Completeness loaded from cache.
Imported PlanetPopulation (prototype) from EXOSIMS.Prototypes.PlanetPopulation
Imported PlanetPhysicalModel (prototype) from EXOSIMS.Prototypes.PlanetPhysicalModel
Generating pdf of orbital radius
Finished pdf of orbital radius
Generating int_comp values
Cached completeness file not found at "/Users/maxzweig/.EXOSIMS/cache/PlanetPopulationPlanetPhysicalModelGarrettCompleteness100000000lambert569c34de5ad7eb89e10f4ee0640004f833fdf3cb10489f8d1b312604d94c0cc7ccd2af741011a60805b9edb80200c2ef.acomp".
Beginning int_comp completeness calculations.
Cached completeness file not found at "/Users/maxzweig/.EXOSIMS/cache/PlanetPopulationPlanetPhysicalModelGarrettCompleteness100000000lambert569c34de5ad7eb89e10f4ee0640004f833fdf3cb10489f8d1b312604d94c0cc7.acomp".
Generating completeness.
Marginalizing joint pdf of separation and dMag up to mode_dMag
Finished marginalization
Completeness data stored in /Users/maxzweig/.EXOSIMS/cache/PlanetPopulationPlanetPhysicalModelGarrettCompleteness100000000lambert569c34de5ad7eb89e10f4ee0640004f833fdf3cb10489f8d1b312604d94c0cc7.acomp
Int Completeness data stored in /Users/maxzweig/.EXOSIMS/cache/PlanetPopulationPlanetPhysicalModelGarrettCompleteness100000000lambert569c34de5ad7eb89e10f4ee0640004f833fdf3cb10489f8d1b312604d94c0cc7ccd2af741011a60805b9edb80200c2ef.acomp
Imported PlanetPopulation (prototype) from EXOSIMS.Prototypes.PlanetPopulation
Imported PlanetPhysicalModel (prototype) from EXOSIMS.Prototypes.PlanetPhysicalModel
Loading cached completeness file from "/Users/maxzweig/.EXOSIMS/cache/PlanetPopulationPlanetPhysicalModelBrownCompleteness100000000lambertef96888a22eb5f8ea51e6ffe118b7e2e.comp".
Completeness loaded from cache.
Imported PlanetPopulation (prototype) from EXOSIMS.Prototypes.PlanetPopulation
Imported PlanetPhysicalModel (prototype) from EXOSIMS.Prototypes.PlanetPhysicalModel
Generating pdf of orbital radius
Finished pdf of orbital radius
Generating int_comp values
Cached completeness file not found at "/Users/maxzweig/.EXOSIMS/cache/PlanetPopulationPlanetPhysicalModelGarrettCompleteness100000000lambertef96888a22eb5f8ea51e6ffe118b7e2ee45724589d0eb0fe8966c1a6bd9502acccd2af741011a60805b9edb80200c2ef.acomp".
Beginning int_comp completeness calculations.
Cached completeness file not found at "/Users/maxzweig/.EXOSIMS/cache/PlanetPopulationPlanetPhysicalModelGarrettCompleteness100000000lambertef96888a22eb5f8ea51e6ffe118b7e2ee45724589d0eb0fe8966c1a6bd9502ac.acomp".
Generating completeness.
Marginalizing joint pdf of separation and dMag up to mode_dMag
Finished marginalization
Completeness data stored in /Users/maxzweig/.EXOSIMS/cache/PlanetPopulationPlanetPhysicalModelGarrettCompleteness100000000lambertef96888a22eb5f8ea51e6ffe118b7e2ee45724589d0eb0fe8966c1a6bd9502ac.acomp
Int Completeness data stored in /Users/maxzweig/.EXOSIMS/cache/PlanetPopulationPlanetPhysicalModelGarrettCompleteness100000000lambertef96888a22eb5f8ea51e6ffe118b7e2ee45724589d0eb0fe8966c1a6bd9502acccd2af741011a60805b9edb80200c2ef.acomp
Generating int_comp values
Cached completeness file not found at "/Users/maxzweig/.EXOSIMS/cache/PlanetPopulationPlanetPhysicalModelGarrettCompleteness100000000lambertef96888a22eb5f8ea51e6ffe118b7e2ee45724589d0eb0fe8966c1a6bd9502ac017f6861aa10515fbeb469da1649ac2fccd2af741011a60805b9edb80200c2ef.acomp".
Beginning int_comp completeness calculations.
Int Completeness data stored in /Users/maxzweig/.EXOSIMS/cache/PlanetPopulationPlanetPhysicalModelGarrettCompleteness100000000lambertef96888a22eb5f8ea51e6ffe118b7e2ee45724589d0eb0fe8966c1a6bd9502ac017f6861aa10515fbeb469da1649ac2fccd2af741011a60805b9edb80200c2ef.acomp
]]></system-out>
	<system-err><![CDATA[]]></system-err>
</testsuite>
