<?xml version="1.0" ?>
<testsuite name="tests.Completeness.test_BrownvGarrett.TestBrownvGarrett-20240613223429" tests="2" time="15.352" failures="0" errors="0">
	<testcase classname="tests.Completeness.test_BrownvGarrett.TestBrownvGarrett" name="test_target_completeness_constrainOrbits" time="4.904"/>
	<testcase classname="tests.Completeness.test_BrownvGarrett.TestBrownvGarrett" name="test_target_completeness_def" time="10.448"/>
	<system-out><![CDATA[Imported PlanetPopulation (prototype) from EXOSIMS.Prototypes.PlanetPopulation
Imported PlanetPhysicalModel (prototype) from EXOSIMS.Prototypes.PlanetPhysicalModel
Loading cached completeness file from "/Users/maxzweig/.EXOSIMS/cache/PlanetPopulationPlanetPhysicalModelBrownCompleteness100000000lambert569c34de5ad7eb89e10f4ee0640004f8.comp".
Completeness loaded from cache.
Imported PlanetPopulation (prototype) from EXOSIMS.Prototypes.PlanetPopulation
Imported PlanetPhysicalModel (prototype) from EXOSIMS.Prototypes.PlanetPhysicalModel
Generating pdf of orbital radius
Finished pdf of orbital radius
Generating int_comp values

23.01029858527422 [23.01029859 23.01029859 23.01029859 23.01029859 23.01029859 23.01029859
 23.01029859 23.01029859 23.01029859 23.01029859 23.01029859 23.01029859
 23.01029859 23.01029859 23.01029859 23.01029859 23.01029859 23.01029859
 23.01029859 23.01029859 23.01029859 23.01029859 23.01029859 23.01029859
 23.01029859 23.01029859 23.01029859 23.01029859 23.01029859 23.01029859
 23.01029859 23.01029859 23.01029859 23.01029859 23.01029859 23.01029859
 23.01029859 23.01029859 23.01029859 23.01029859 23.01029859 23.01029859
 23.01029859 23.01029859 23.01029859 23.01029859 23.01029859 23.01029859
 23.01029859 23.01029859 23.01029859 23.01029859 23.01029859 23.01029859
 23.01029859 23.01029859 23.01029859 23.01029859 23.01029859 23.01029859
 23.01029859 23.01029859 23.01029859 23.01029859 23.01029859 23.01029859
 23.01029859 23.01029859 23.01029859 23.01029859 23.01029859 23.01029859
 23.01029859 23.01029859 23.01029859 23.01029859 23.01029859 23.01029859
 23.01029859 23.01029859 23.01029859 23.01029859 23.01029859 23.01029859
 23.01029859 23.01029859 23.01029859 23.01029859 23.01029859 23.01029859
 23.01029859 23.01029859 23.01029859 23.01029859 23.01029859 23.01029859
 23.01029859 23.01029859 23.01029859 23.01029859]
Cached int completeness file not found at "/Users/maxzweig/.EXOSIMS/cache/PlanetPopulationPlanetPhysicalModelGarrettCompleteness100000000lambert569c34de5ad7eb89e10f4ee0640004f8ccd2af741011a60805b9edb80200c2ef5aebcc032ff88703fc941ff90802e5a3.acomp".
Beginning int_comp completeness calculations.
Cached completeness file not found at "/Users/maxzweig/.EXOSIMS/cache/PlanetPopulationPlanetPhysicalModelGarrettCompleteness100000000lambert569c34de5ad7eb89e10f4ee0640004f85aebcc032ff88703fc941ff90802e5a3.acomp".
Generating completeness.
Marginalizing joint pdf of separation and dMag up to mode_dMag
Finished marginalization
Completeness data stored in /Users/maxzweig/.EXOSIMS/cache/PlanetPopulationPlanetPhysicalModelGarrettCompleteness100000000lambert569c34de5ad7eb89e10f4ee0640004f85aebcc032ff88703fc941ff90802e5a3.acomp
Int Completeness data stored in /Users/maxzweig/.EXOSIMS/cache/PlanetPopulationPlanetPhysicalModelGarrettCompleteness100000000lambert569c34de5ad7eb89e10f4ee0640004f8ccd2af741011a60805b9edb80200c2ef5aebcc032ff88703fc941ff90802e5a3.acomp

Imported PlanetPopulation (prototype) from EXOSIMS.Prototypes.PlanetPopulation
Imported PlanetPhysicalModel (prototype) from EXOSIMS.Prototypes.PlanetPhysicalModel
Loading cached completeness file from "/Users/maxzweig/.EXOSIMS/cache/PlanetPopulationPlanetPhysicalModelBrownCompleteness100000000lambertef96888a22eb5f8ea51e6ffe118b7e2e.comp".
Completeness loaded from cache.
Imported PlanetPopulation (prototype) from EXOSIMS.Prototypes.PlanetPopulation
Imported PlanetPhysicalModel (prototype) from EXOSIMS.Prototypes.PlanetPhysicalModel
Generating pdf of orbital radius
Finished pdf of orbital radius
Generating int_comp values

23.01029858527422 [23.01029859 23.01029859 23.01029859 23.01029859 23.01029859 23.01029859
 23.01029859 23.01029859 23.01029859 23.01029859 23.01029859 23.01029859
 23.01029859 23.01029859 23.01029859 23.01029859 23.01029859 23.01029859
 23.01029859 23.01029859 23.01029859 23.01029859 23.01029859 23.01029859
 23.01029859 23.01029859 23.01029859 23.01029859 23.01029859 23.01029859
 23.01029859 23.01029859 23.01029859 23.01029859 23.01029859 23.01029859
 23.01029859 23.01029859 23.01029859 23.01029859 23.01029859 23.01029859
 23.01029859 23.01029859 23.01029859 23.01029859 23.01029859 23.01029859
 23.01029859 23.01029859 23.01029859 23.01029859 23.01029859 23.01029859
 23.01029859 23.01029859 23.01029859 23.01029859 23.01029859 23.01029859
 23.01029859 23.01029859 23.01029859 23.01029859 23.01029859 23.01029859
 23.01029859 23.01029859 23.01029859 23.01029859 23.01029859 23.01029859
 23.01029859 23.01029859 23.01029859 23.01029859 23.01029859 23.01029859
 23.01029859 23.01029859 23.01029859 23.01029859 23.01029859 23.01029859
 23.01029859 23.01029859 23.01029859 23.01029859 23.01029859 23.01029859
 23.01029859 23.01029859 23.01029859 23.01029859 23.01029859 23.01029859
 23.01029859 23.01029859 23.01029859 23.01029859]
Cached int completeness file not found at "/Users/maxzweig/.EXOSIMS/cache/PlanetPopulationPlanetPhysicalModelGarrettCompleteness100000000lambertef96888a22eb5f8ea51e6ffe118b7e2eccd2af741011a60805b9edb80200c2ef0306afc9b44aa8ac10cfd6e0f7bb81f7.acomp".
Beginning int_comp completeness calculations.
Cached completeness file not found at "/Users/maxzweig/.EXOSIMS/cache/PlanetPopulationPlanetPhysicalModelGarrettCompleteness100000000lambertef96888a22eb5f8ea51e6ffe118b7e2e0306afc9b44aa8ac10cfd6e0f7bb81f7.acomp".
Generating completeness.
Marginalizing joint pdf of separation and dMag up to mode_dMag
Finished marginalization
Completeness data stored in /Users/maxzweig/.EXOSIMS/cache/PlanetPopulationPlanetPhysicalModelGarrettCompleteness100000000lambertef96888a22eb5f8ea51e6ffe118b7e2e0306afc9b44aa8ac10cfd6e0f7bb81f7.acomp
Int Completeness data stored in /Users/maxzweig/.EXOSIMS/cache/PlanetPopulationPlanetPhysicalModelGarrettCompleteness100000000lambertef96888a22eb5f8ea51e6ffe118b7e2eccd2af741011a60805b9edb80200c2ef0306afc9b44aa8ac10cfd6e0f7bb81f7.acomp

23.01029858527422 [23.01029859 23.01029859 23.01029859 23.01029859 23.01029859 23.01029859
 23.01029859 23.01029859 23.01029859 23.01029859 23.01029859 23.01029859
 23.01029859 23.01029859 23.01029859 23.01029859 23.01029859 23.01029859
 23.01029859 23.01029859 23.01029859 23.01029859 23.01029859 23.01029859
 23.01029859 23.01029859 23.01029859 23.01029859 23.01029859 23.01029859
 23.01029859 23.01029859 23.01029859 23.01029859 23.01029859 23.01029859
 23.01029859 23.01029859 23.01029859 23.01029859 23.01029859 23.01029859
 23.01029859 23.01029859 23.01029859 23.01029859 23.01029859 23.01029859
 23.01029859 23.01029859 23.01029859 23.01029859 23.01029859 23.01029859
 23.01029859 23.01029859 23.01029859 23.01029859 23.01029859 23.01029859
 23.01029859 23.01029859 23.01029859 23.01029859 23.01029859 23.01029859
 23.01029859 23.01029859 23.01029859 23.01029859 23.01029859 23.01029859
 23.01029859 23.01029859 23.01029859 23.01029859 23.01029859 23.01029859
 23.01029859 23.01029859 23.01029859 23.01029859 23.01029859 23.01029859
 23.01029859 23.01029859 23.01029859 23.01029859 23.01029859 23.01029859
 23.01029859 23.01029859 23.01029859 23.01029859 23.01029859 23.01029859
 23.01029859 23.01029859 23.01029859 23.01029859]
Loading cached int completeness file from "/Users/maxzweig/.EXOSIMS/cache/PlanetPopulationPlanetPhysicalModelGarrettCompleteness100000000lambertef96888a22eb5f8ea51e6ffe118b7e2eccd2af741011a60805b9edb80200c2ef0306afc9b44aa8ac10cfd6e0f7bb81f7.acomp".
int Completeness loaded from cache.

Generating int_comp values

23.01029858527422 [23.01029859 23.01029859 23.01029859 23.01029859 23.01029859 23.01029859
 23.01029859 23.01029859 23.01029859 23.01029859 23.01029859 23.01029859
 23.01029859 23.01029859 23.01029859 23.01029859 23.01029859 23.01029859
 23.01029859 23.01029859 23.01029859 23.01029859 23.01029859 23.01029859
 23.01029859 23.01029859 23.01029859 23.01029859 23.01029859 23.01029859
 23.01029859 23.01029859 23.01029859 23.01029859 23.01029859 23.01029859
 23.01029859 23.01029859 23.01029859 23.01029859 23.01029859 23.01029859
 23.01029859 23.01029859 23.01029859 23.01029859 23.01029859 23.01029859
 23.01029859 23.01029859 23.01029859 23.01029859 23.01029859 23.01029859
 23.01029859 23.01029859 23.01029859 23.01029859 23.01029859 23.01029859
 23.01029859 23.01029859 23.01029859 23.01029859 23.01029859 23.01029859
 23.01029859 23.01029859 23.01029859 23.01029859 23.01029859 23.01029859
 23.01029859 23.01029859 23.01029859 23.01029859 23.01029859 23.01029859
 23.01029859 23.01029859 23.01029859 23.01029859 23.01029859 23.01029859
 23.01029859 23.01029859 23.01029859 23.01029859 23.01029859 23.01029859
 23.01029859 23.01029859 23.01029859 23.01029859 23.01029859 23.01029859
 23.01029859 23.01029859 23.01029859 23.01029859]
Cached int completeness file not found at "/Users/maxzweig/.EXOSIMS/cache/PlanetPopulationPlanetPhysicalModelGarrettCompleteness100000000lambertef96888a22eb5f8ea51e6ffe118b7e2eccd2af741011a60805b9edb80200c2ef0208e7770aa5f51be4fb4c656f0fb522.acomp".
Beginning int_comp completeness calculations.
Int Completeness data stored in /Users/maxzweig/.EXOSIMS/cache/PlanetPopulationPlanetPhysicalModelGarrettCompleteness100000000lambertef96888a22eb5f8ea51e6ffe118b7e2eccd2af741011a60805b9edb80200c2ef0208e7770aa5f51be4fb4c656f0fb522.acomp

]]></system-out>
	<system-err><![CDATA[]]></system-err>
</testsuite>
